\BOOKMARK [0][-]{chapter.1}{Introduction}{}% 1
\BOOKMARK [0][-]{chapter.2}{The LHCb detector}{}% 2
\BOOKMARK [1][-]{section.2.1}{Tracking detectors}{chapter.2}% 3
\BOOKMARK [2][-]{subsection.2.1.1}{Vertex Locator \(VELO\)}{section.2.1}% 4
\BOOKMARK [2][-]{subsection.2.1.2}{Trigger Tracker / Tracker Turicensis \(TT\)}{section.2.1}% 5
\BOOKMARK [2][-]{subsection.2.1.3}{Inner Tracker \(IT\)}{section.2.1}% 6
\BOOKMARK [2][-]{subsection.2.1.4}{Outer Tracker \(OT\)}{section.2.1}% 7
\BOOKMARK [2][-]{subsection.2.1.5}{Track classification}{section.2.1}% 8
\BOOKMARK [1][-]{section.2.2}{Particle identification}{chapter.2}% 9
\BOOKMARK [2][-]{subsection.2.2.1}{Ring Imaging Cherenkoy Detector \(RICH\)}{section.2.2}% 10
\BOOKMARK [2][-]{subsection.2.2.2}{Calorimeter system}{section.2.2}% 11
\BOOKMARK [2][-]{subsection.2.2.3}{Muon chambers}{section.2.2}% 12
\BOOKMARK [1][-]{section.2.3}{Trigger}{chapter.2}% 13
\BOOKMARK [2][-]{subsection.2.3.1}{L0-Trigger}{section.2.3}% 14
\BOOKMARK [2][-]{subsection.2.3.2}{High Level Trigger \(HLT\)}{section.2.3}% 15
\BOOKMARK [0][-]{chapter.3}{Data reconstruction and selection}{}% 16
\BOOKMARK [1][-]{section.3.1}{Trigger requirements}{chapter.3}% 17
\BOOKMARK [-1][-]{part.1}{Appendix}{}% 18
\BOOKMARK [0][-]{appendix.A}{Lists}{part.1}% 19
\BOOKMARK [1][-]{section.A.1}{List of Figures}{appendix.A}% 20
\BOOKMARK [1][-]{section.A.2}{List of Tables}{appendix.A}% 21
